# JRE version: Java(TM) SE Runtime Environment (8.0_112-b15) (build 1.8.0_112-b15)
# Java VM: Java HotSpot(TM) 64-Bit Server VM (25.112-b15 mixed mode windows-amd64 compressed oops)
Heap:
 PSYoungGen      total 18944K, used 8158K [0x00000000eb300000, 0x00000000ec800000, 0x0000000100000000)
  eden space 16384K, 37% used [0x00000000eb300000,0x00000000eb9102f0,0x00000000ec300000)
  from space 2560K, 76% used [0x00000000ec300000,0x00000000ec4e7528,0x00000000ec580000)
  to   space 2560K, 0% used [0x00000000ec580000,0x00000000ec580000,0x00000000ec800000)
 ParOldGen       total 37376K, used 8362K [0x00000000c1800000, 0x00000000c3c80000, 0x00000000eb300000)
  object space 37376K, 22% used [0x00000000c1800000,0x00000000c202a830,0x00000000c3c80000)
 Metaspace       used 15312K, capacity 15368K, committed 15616K, reserved 1064960K
  class space    used 1925K, capacity 1940K, committed 2048K, reserved 1048576K
GC Heap History (10 events):
Event: 2.434 GC heap before
{Heap before GC invocations=6 (full 0):
 PSYoungGen      total 18944K, used 18926K [0x00000000eb300000, 0x00000000ec800000, 0x0000000100000000)
  eden space 16384K, 100% used [0x00000000eb300000,0x00000000ec300000,0x00000000ec300000)
  from space 2560K, 99% used [0x00000000ec300000,0x00000000ec57b8d0,0x00000000ec580000)
  to   space 2560K, 0% used [0x00000000ec580000,0x00000000ec580000,0x00000000ec800000)
 ParOldGen       total 44032K, used 4494K [0x00000000c1800000, 0x00000000c4300000, 0x00000000eb300000)
  object space 44032K, 10% used [0x00000000c1800000,0x00000000c1c63a50,0x00000000c4300000)
 Metaspace       used 10093K, capacity 10230K, committed 10368K, reserved 1058816K
  class space    used 1242K, capacity 1297K, committed 1408K, reserved 1048576K
Event: 2.446 GC heap after
Heap after GC invocations=6 (full 0):
 PSYoungGen      total 18944K, used 2537K [0x00000000eb300000, 0x00000000ec800000, 0x0000000100000000)
  eden space 16384K, 0% used [0x00000000eb300000,0x00000000eb300000,0x00000000ec300000)
  from space 2560K, 99% used [0x00000000ec580000,0x00000000ec7fa780,0x00000000ec800000)
  to   space 2560K, 0% used [0x00000000ec300000,0x00000000ec300000,0x00000000ec580000)
 ParOldGen       total 44032K, used 5980K [0x00000000c1800000, 0x00000000c4300000, 0x00000000eb300000)
  object space 44032K, 13% used [0x00000000c1800000,0x00000000c1dd7120,0x00000000c4300000)
 Metaspace       used 10093K, capacity 10230K, committed 10368K, reserved 1058816K
  class space    used 1242K, capacity 1297K, committed 1408K, reserved 1048576K
}
Event: 3.208 GC heap before
{Heap before GC invocations=7 (full 0):
 PSYoungGen      total 18944K, used 8072K [0x00000000eb300000, 0x00000000ec800000, 0x0000000100000000)
  eden space 16384K, 33% used [0x00000000eb300000,0x00000000eb8679f0,0x00000000ec300000)
  from space 2560K, 99% used [0x00000000ec580000,0x00000000ec7fa780,0x00000000ec800000)
  to   space 2560K, 0% used [0x00000000ec300000,0x00000000ec300000,0x00000000ec580000)
 ParOldGen       total 44032K, used 5980K [0x00000000c1800000, 0x00000000c4300000, 0x00000000eb300000)
  object space 44032K, 13% used [0x00000000c1800000,0x00000000c1dd7120,0x00000000c4300000)
 Metaspace       used 12152K, capacity 12246K, committed 12288K, reserved 1064960K
  class space    used 1468K, capacity 1521K, committed 1536K, reserved 1048576K
Event: 3.216 GC heap after
Heap after GC invocations=7 (full 0):
 PSYoungGen      total 18944K, used 2547K [0x00000000eb300000, 0x00000000ec800000, 0x0000000100000000)
  eden space 16384K, 0% used [0x00000000eb300000,0x00000000eb300000,0x00000000ec300000)
  from space 2560K, 99% used [0x00000000ec300000,0x00000000ec57ce78,0x00000000ec580000)
  to   space 2560K, 0% used [0x00000000ec580000,0x00000000ec580000,0x00000000ec800000)
 ParOldGen       total 44032K, used 8124K [0x00000000c1800000, 0x00000000c4300000, 0x00000000eb300000)
  object space 44032K, 18% used [0x00000000c1800000,0x00000000c1fef390,0x00000000c4300000)
 Metaspace       used 12152K, capacity 12246K, committed 12288K, reserved 1064960K
  class space    used 1468K, capacity 1521K, committed 1536K, reserved 1048576K
}
Event: 3.216 GC heap before
{Heap before GC invocations=8 (full 1):
 PSYoungGen      total 18944K, used 2547K [0x00000000eb300000, 0x00000000ec800000, 0x0000000100000000)
  eden space 16384K, 0% used [0x00000000eb300000,0x00000000eb300000,0x00000000ec300000)
  from space 2560K, 99% used [0x00000000ec300000,0x00000000ec57ce78,0x00000000ec580000)
  to   space 2560K, 0% used [0x00000000ec580000,0x00000000ec580000,0x00000000ec800000)
 ParOldGen       total 44032K, used 8124K [0x00000000c1800000, 0x00000000c4300000, 0x00000000eb300000)
  object space 44032K, 18% used [0x00000000c1800000,0x00000000c1fef390,0x00000000c4300000)
 Metaspace       used 12152K, capacity 12246K, committed 12288K, reserved 1064960K
  class space    used 1468K, capacity 1521K, committed 1536K, reserved 1048576K
Event: 3.268 GC heap after
Heap after GC invocations=8 (full 1):
 PSYoungGen      total 18944K, used 0K [0x00000000eb300000, 0x00000000ec800000, 0x0000000100000000)
  eden space 16384K, 0% used [0x00000000eb300000,0x00000000eb300000,0x00000000ec300000)
  from space 2560K, 0% used [0x00000000ec300000,0x00000000ec300000,0x00000000ec580000)
  to   space 2560K, 0% used [0x00000000ec580000,0x00000000ec580000,0x00000000ec800000)
 ParOldGen       total 37376K, used 8346K [0x00000000c1800000, 0x00000000c3c80000, 0x00000000eb300000)
  object space 37376K, 22% used [0x00000000c1800000,0x00000000c2026830,0x00000000c3c80000)
 Metaspace       used 12152K, capacity 12246K, committed 12288K, reserved 1062912K
  class space    used 1468K, capacity 1521K, committed 1536K, reserved 1048576K
}
Event: 3.766 GC heap before
{Heap before GC invocations=9 (full 1):
 PSYoungGen      total 18944K, used 16384K [0x00000000eb300000, 0x00000000ec800000, 0x0000000100000000)
  eden space 16384K, 100% used [0x00000000eb300000,0x00000000ec300000,0x00000000ec300000)
  from space 2560K, 0% used [0x00000000ec300000,0x00000000ec300000,0x00000000ec580000)
  to   space 2560K, 0% used [0x00000000ec580000,0x00000000ec580000,0x00000000ec800000)
 ParOldGen       total 37376K, used 8346K [0x00000000c1800000, 0x00000000c3c80000, 0x00000000eb300000)
  object space 37376K, 22% used [0x00000000c1800000,0x00000000c2026830,0x00000000c3c80000)
 Metaspace       used 13766K, capacity 13910K, committed 14080K, reserved 1062912K
  class space    used 1722K, capacity 1777K, committed 1792K, reserved 1048576K
Event: 3.772 GC heap after
Heap after GC invocations=9 (full 1):
 PSYoungGen      total 18944K, used 1556K [0x00000000eb300000, 0x00000000ec800000, 0x0000000100000000)
  eden space 16384K, 0% used [0x00000000eb300000,0x00000000eb300000,0x00000000ec300000)
  from space 2560K, 60% used [0x00000000ec580000,0x00000000ec7050d0,0x00000000ec800000)
  to   space 2560K, 0% used [0x00000000ec300000,0x00000000ec300000,0x00000000ec580000)
 ParOldGen       total 37376K, used 8354K [0x00000000c1800000, 0x00000000c3c80000, 0x00000000eb300000)
  object space 37376K, 22% used [0x00000000c1800000,0x00000000c2028830,0x00000000c3c80000)
 Metaspace       used 13766K, capacity 13910K, committed 14080K, reserved 1062912K
  class space    used 1722K, capacity 1777K, committed 1792K, reserved 1048576K
}
Event: 4.110 GC heap before
{Heap before GC invocations=10 (full 1):
 PSYoungGen      total 18944K, used 17940K [0x00000000eb300000, 0x00000000ec800000, 0x0000000100000000)
  eden space 16384K, 100% used [0x00000000eb300000,0x00000000ec300000,0x00000000ec300000)
  from space 2560K, 60% used [0x00000000ec580000,0x00000000ec7050d0,0x00000000ec800000)
  to   space 2560K, 0% used [0x00000000ec300000,0x00000000ec300000,0x00000000ec580000)
 ParOldGen       total 37376K, used 8354K [0x00000000c1800000, 0x00000000c3c80000, 0x00000000eb300000)
  object space 37376K, 22% used [0x00000000c1800000,0x00000000c2028830,0x00000000c3c80000)
 Metaspace       used 14984K, capacity 15080K, committed 15232K, reserved 1064960K
  class space    used 1878K, capacity 1908K, committed 1920K, reserved 1048576K
Event: 4.114 GC heap after
Heap after GC invocations=10 (full 1):
 PSYoungGen      total 18944K, used 1949K [0x00000000eb300000, 0x00000000ec800000, 0x0000000100000000)
  eden space 16384K, 0% used [0x00000000eb300000,0x00000000eb300000,0x00000000ec300000)
  from space 2560K, 76% used [0x00000000ec300000,0x00000000ec4e7528,0x00000000ec580000)
  to   space 2560K, 0% used [0x00000000ec580000,0x00000000ec580000,0x00000000ec800000)
 ParOldGen       total 37376K, used 8362K [0x00000000c1800000, 0x00000000c3c80000, 0x00000000eb300000)
  object space 37376K, 22% used [0x00000000c1800000,0x00000000c202a830,0x00000000c3c80000)
 Metaspace       used 14984K, capacity 15080K, committed 15232K, reserved 1064960K
  class space    used 1878K, capacity 1908K, committed 1920K, reserved 1048576K
}

